Using pre-set license
Built from '2021.3/china_unity/release' branch; Version is '2021.3.4f1c1 (64682593795a) revision 6580261'; Using compiler version '192829333'; Build Type 'Release'
OS: 'Windows 10  (10.0.19045) 64bit Professional' Language: 'zh' Physical Memory: 16307 MB
BatchMode: 1, IsHumanControllingUs: 0, StartBugReporterOnCrash: 0, Is64bit: 1, IsPro: 1

COMMAND LINE ARGUMENTS:
W:\Develope\Unity Hub\Editor\2021.3.4f1c1\Editor\Unity.exe
-adb2
-batchMode
-noUpm
-name
AssetImportWorker0
-projectPath
S:/Study/Unity/P2/Shader Study/Shader Study
-logFile
Logs/AssetImportWorker0.log
-srvPort
50411
Successfully changed project path to: S:/Study/Unity/P2/Shader Study/Shader Study
S:/Study/Unity/P2/Shader Study/Shader Study
[UnityMemory] Configuration Parameters - Can be set up in boot.config
    "memorysetup-bucket-allocator-granularity=16"
    "memorysetup-bucket-allocator-bucket-count=8"
    "memorysetup-bucket-allocator-block-size=33554432"
    "memorysetup-bucket-allocator-block-count=8"
    "memorysetup-main-allocator-block-size=16777216"
    "memorysetup-thread-allocator-block-size=16777216"
    "memorysetup-gfx-main-allocator-block-size=16777216"
    "memorysetup-gfx-thread-allocator-block-size=16777216"
    "memorysetup-cache-allocator-block-size=4194304"
    "memorysetup-typetree-allocator-block-size=2097152"
    "memorysetup-profiler-bucket-allocator-granularity=16"
    "memorysetup-profiler-bucket-allocator-bucket-count=8"
    "memorysetup-profiler-bucket-allocator-block-size=33554432"
    "memorysetup-profiler-bucket-allocator-block-count=8"
    "memorysetup-profiler-allocator-block-size=16777216"
    "memorysetup-profiler-editor-allocator-block-size=1048576"
    "memorysetup-temp-allocator-size-main=16777216"
    "memorysetup-job-temp-allocator-block-size=2097152"
    "memorysetup-job-temp-allocator-block-size-background=1048576"
    "memorysetup-job-temp-allocator-reduction-small-platforms=262144"
    "memorysetup-temp-allocator-size-background-worker=32768"
    "memorysetup-temp-allocator-size-job-worker=262144"
    "memorysetup-temp-allocator-size-preload-manager=33554432"
    "memorysetup-temp-allocator-size-nav-mesh-worker=65536"
    "memorysetup-temp-allocator-size-audio-worker=65536"
    "memorysetup-temp-allocator-size-cloud-worker=32768"
    "memorysetup-temp-allocator-size-gi-baking-worker=262144"
    "memorysetup-temp-allocator-size-gfx=262144"
AS: AutoStreaming module initializing.
Refreshing native plugins compatible for Editor in 111.02 ms, found 3 plugins.
Preloading 0 native plugins for Editor in 0.00 ms.
Initialize engine version: 2021.3.4f1c1 (64682593795a)
[Subsystems] Discovering subsystems at path W:/Develope/Unity Hub/Editor/2021.3.4f1c1/Editor/Data/Resources/UnitySubsystems
[Subsystems] Discovering subsystems at path S:/Study/Unity/P2/Shader Study/Shader Study/Assets
GfxDevice: creating device client; threaded=0; jobified=0
Direct3D:
    Version:  Direct3D 11.0 [level 11.1]
    Renderer: NVIDIA GeForce RTX 2070 SUPER (ID=0x1e84)
    Vendor:   NVIDIA
    VRAM:     8003 MB
    Driver:   31.0.15.3742
Initialize mono
Mono path[0] = 'W:/Develope/Unity Hub/Editor/2021.3.4f1c1/Editor/Data/Managed'
Mono path[1] = 'W:/Develope/Unity Hub/Editor/2021.3.4f1c1/Editor/Data/MonoBleedingEdge/lib/mono/unityjit-win32'
Mono config path = 'W:/Develope/Unity Hub/Editor/2021.3.4f1c1/Editor/Data/MonoBleedingEdge/etc'
Using monoOptions --debugger-agent=transport=dt_socket,embedding=1,server=y,suspend=n,address=127.0.0.1:56660
Begin MonoManager ReloadAssembly
Registering precompiled unity dll's ...
Register platform support module: W:/Develope/Unity Hub/Editor/2021.3.4f1c1/Editor/Data/PlaybackEngines/AndroidPlayer/UnityEditor.Android.Extensions.dll
Register platform support module: W:/Develope/Unity Hub/Editor/2021.3.4f1c1/Editor/Data/PlaybackEngines/iOSSupport/UnityEditor.iOS.Extensions.dll
Register platform support module: W:/Develope/Unity Hub/Editor/2021.3.4f1c1/Editor/Data/PlaybackEngines/WindowsStandaloneSupport/UnityEditor.WindowsStandalone.Extensions.dll
Registered in 0.006282 seconds.
Native extension for WindowsStandalone target not found
[usbmuxd] Start listen thread
[usbmuxd] Listen thread started
Native extension for iOS target not found
Native extension for Android target not found
Refreshing native plugins compatible for Editor in 96.23 ms, found 3 plugins.
Preloading 0 native plugins for Editor in 0.00 ms.
Mono: successfully reloaded assembly
- Completed reload, in  0.822 seconds
Domain Reload Profiling:
	ReloadAssembly (822ms)
		BeginReloadAssembly (92ms)
			ExecutionOrderSort (0ms)
			DisableScriptedObjects (0ms)
			BackupInstance (0ms)
			ReleaseScriptingObjects (0ms)
			CreateAndSetChildDomain (1ms)
		EndReloadAssembly (591ms)
			LoadAssemblies (88ms)
			RebuildTransferFunctionScriptingTraits (0ms)
			SetupTypeCache (150ms)
			ReleaseScriptCaches (0ms)
			RebuildScriptCaches (34ms)
			SetupLoadedEditorAssemblies (344ms)
				LogAssemblyErrors (0ms)
				InitializePlatformSupportModulesInManaged (76ms)
				SetLoadedEditorAssemblies (0ms)
				RefreshPlugins (96ms)
				BeforeProcessingInitializeOnLoad (1ms)
				ProcessInitializeOnLoadAttributes (113ms)
				ProcessInitializeOnLoadMethodAttributes (57ms)
				AfterProcessingInitializeOnLoad (0ms)
				EditorAssembliesLoaded (0ms)
			ExecutionOrderSort2 (0ms)
			AwakeInstancesAfterBackupRestoration (0ms)
Platform modules already initialized, skipping
Registering precompiled user dll's ...
Registered in 0.016472 seconds.
Begin MonoManager ReloadAssembly
Symbol file LoadedFromMemory doesn't match image S:\Study\Unity\P2\Shader Study\Shader Study\Library\PackageCache\com.unity.visualscripting@1.7.8\Editor\VisualScripting.Core\Dependencies\YamlDotNet\Unity.VisualScripting.YamlDotNet.dll
Symbol file LoadedFromMemory doesn't match image S:\Study\Unity\P2\Shader Study\Shader Study\Library\PackageCache\com.unity.visualscripting@1.7.8\Editor\VisualScripting.Core\Dependencies\DotNetZip\Unity.VisualScripting.IonicZip.dll
Native extension for WindowsStandalone target not found
Native extension for iOS target not found
Native extension for Android target not found
Refreshing native plugins compatible for Editor in 0.67 ms, found 3 plugins.
Preloading 0 native plugins for Editor in 0.00 ms.
Mono: successfully reloaded assembly
- Completed reload, in  1.443 seconds
Domain Reload Profiling:
	ReloadAssembly (1444ms)
		BeginReloadAssembly (237ms)
			ExecutionOrderSort (0ms)
			DisableScriptedObjects (7ms)
			BackupInstance (0ms)
			ReleaseScriptingObjects (0ms)
			CreateAndSetChildDomain (122ms)
		EndReloadAssembly (1049ms)
			LoadAssemblies (115ms)
			RebuildTransferFunctionScriptingTraits (0ms)
			SetupTypeCache (353ms)
			ReleaseScriptCaches (1ms)
			RebuildScriptCaches (59ms)
			SetupLoadedEditorAssemblies (451ms)
				LogAssemblyErrors (0ms)
				InitializePlatformSupportModulesInManaged (28ms)
				SetLoadedEditorAssemblies (1ms)
				RefreshPlugins (1ms)
				BeforeProcessingInitializeOnLoad (114ms)
				ProcessInitializeOnLoadAttributes (259ms)
				ProcessInitializeOnLoadMethodAttributes (35ms)
				AfterProcessingInitializeOnLoad (13ms)
				EditorAssembliesLoaded (0ms)
			ExecutionOrderSort2 (0ms)
			AwakeInstancesAfterBackupRestoration (11ms)
Platform modules already initialized, skipping
========================================================================
Worker process is ready to serve import requests
Launched and connected shader compiler UnityShaderCompiler.exe after 0.05 seconds
Refreshing native plugins compatible for Editor in 1.08 ms, found 3 plugins.
Preloading 0 native plugins for Editor in 0.00 ms.
Unloading 3372 Unused Serialized files (Serialized files now loaded: 0)
Unloading 27 unused Assets / (111.8 KB). Loaded Objects now: 3833.
Memory consumption went from 122.6 MB to 122.5 MB.
Total: 5.481200 ms (FindLiveObjects: 0.552500 ms CreateObjectMapping: 0.464200 ms MarkObjects: 4.257200 ms  DeleteObjects: 0.205600 ms)

AssetImportParameters requested are different than current active one (requested -> active):
  custom:video-decoder-ogg-theora: a1e56fd34408186e4bbccfd4996cb3dc -> 
  custom:container-muxer-webm: aa71ff27fc2769a1b78a27578f13a17b -> 
  custom:container-demuxer-webm: 4f35f7cbe854078d1ac9338744f61a02 -> 
  custom:video-encoder-webm-vp8: eb34c28f22e8b96e1ab97ce403110664 -> 
  custom:audio-encoder-webm-vorbis: bf7c407c2cedff20999df2af8eb42d56 -> 
  custom:framework-win-MediaFoundation: 216162199b28c13a410421893ffa2e32 -> 
  custom:container-demuxer-ogg: 62fdf1f143b41e24485cea50d1cbac27 -> 
  custom:video-decoder-webm-vp8: 9c59270c3fd7afecdb556c50c9e8de78 -> 
  custom:audio-decoder-ogg-vorbis: bf7c407c2cedff20999df2af8eb42d56 -> 
========================================================================
Received Import Request.
  Time since last request: 530.398795 seconds.
  path: Assets/Scripts/ShaderTest.cs
  artifactKey: Guid(1032b01aa1ee48f419c722884a4c7eba) Importer(815301076,1909f56bfc062723c751e8b465ee728b)
Start importing Assets/Scripts/ShaderTest.cs using Guid(1032b01aa1ee48f419c722884a4c7eba) Importer(815301076,1909f56bfc062723c751e8b465ee728b)  -> (artifact id: '73e20c062fa0b44c7a32c8c185995a5b') in 0.080346 seconds 
========================================================================
Received Import Request.
  Time since last request: 1007.920596 seconds.
  path: Assets/Materials/Surface Shader Test/LowPolySoldiers_demo/models/Soldier_L1.shader
  artifactKey: Guid(fc3564a0dbdee5940b314eb47b676fb6) Importer(815301076,1909f56bfc062723c751e8b465ee728b)
Start importing Assets/Materials/Surface Shader Test/LowPolySoldiers_demo/models/Soldier_L1.shader using Guid(fc3564a0dbdee5940b314eb47b676fb6) Importer(815301076,1909f56bfc062723c751e8b465ee728b)  -> (artifact id: '32db890633b9b2e86fce0017ce1e4b98') in 0.024289 seconds 
========================================================================
Received Import Request.
  Time since last request: 1561.901323 seconds.
  path: Assets/Materials/Surface Shader Test/LowPolySoldiers_demo/models/Soldier_L1.shader
  artifactKey: Guid(fc3564a0dbdee5940b314eb47b676fb6) Importer(815301076,1909f56bfc062723c751e8b465ee728b)
Start importing Assets/Materials/Surface Shader Test/LowPolySoldiers_demo/models/Soldier_L1.shader using Guid(fc3564a0dbdee5940b314eb47b676fb6) Importer(815301076,1909f56bfc062723c751e8b465ee728b)  -> (artifact id: '223f57c750a8fbcc26e82baa650f9930') in 0.003595 seconds 
========================================================================
Received Import Request.
  Time since last request: 3.148351 seconds.
  path: Assets/Materials/Surface Shader Test/LowPolySoldiers_demo/models/Soldier_demo.FBX
  artifactKey: Guid(fcb334eb247ae3e488abb081c847cf09) Importer(815301076,1909f56bfc062723c751e8b465ee728b)
Start importing Assets/Materials/Surface Shader Test/LowPolySoldiers_demo/models/Soldier_demo.FBX using Guid(fcb334eb247ae3e488abb081c847cf09) Importer(815301076,1909f56bfc062723c751e8b465ee728b)  -> (artifact id: 'f75b4e77e450f8886be5283c85aed2ca') in 0.182304 seconds 
========================================================================
Received Prepare
Registering precompiled user dll's ...
Registered in 0.016091 seconds.
Begin MonoManager ReloadAssembly
Symbol file LoadedFromMemory doesn't match image S:\Study\Unity\P2\Shader Study\Shader Study\Library\PackageCache\com.unity.visualscripting@1.7.8\Editor\VisualScripting.Core\Dependencies\YamlDotNet\Unity.VisualScripting.YamlDotNet.dll
Symbol file LoadedFromMemory doesn't match image S:\Study\Unity\P2\Shader Study\Shader Study\Library\PackageCache\com.unity.visualscripting@1.7.8\Editor\VisualScripting.Core\Dependencies\DotNetZip\Unity.VisualScripting.IonicZip.dll
Native extension for WindowsStandalone target not found
Native extension for iOS target not found
Native extension for Android target not found
Refreshing native plugins compatible for Editor in 0.68 ms, found 3 plugins.
Preloading 0 native plugins for Editor in 0.00 ms.
Mono: successfully reloaded assembly
- Completed reload, in  1.566 seconds
Domain Reload Profiling:
	ReloadAssembly (1567ms)
		BeginReloadAssembly (223ms)
			ExecutionOrderSort (0ms)
			DisableScriptedObjects (10ms)
			BackupInstance (0ms)
			ReleaseScriptingObjects (0ms)
			CreateAndSetChildDomain (68ms)
		EndReloadAssembly (1129ms)
			LoadAssemblies (144ms)
			RebuildTransferFunctionScriptingTraits (0ms)
			SetupTypeCache (420ms)
			ReleaseScriptCaches (2ms)
			RebuildScriptCaches (55ms)
			SetupLoadedEditorAssemblies (440ms)
				LogAssemblyErrors (0ms)
				InitializePlatformSupportModulesInManaged (40ms)
				SetLoadedEditorAssemblies (1ms)
				RefreshPlugins (1ms)
				BeforeProcessingInitializeOnLoad (87ms)
				ProcessInitializeOnLoadAttributes (244ms)
				ProcessInitializeOnLoadMethodAttributes (50ms)
				AfterProcessingInitializeOnLoad (17ms)
				EditorAssembliesLoaded (0ms)
			ExecutionOrderSort2 (0ms)
			AwakeInstancesAfterBackupRestoration (13ms)
Platform modules already initialized, skipping
Refreshing native plugins compatible for Editor in 3.51 ms, found 3 plugins.
Preloading 0 native plugins for Editor in 0.00 ms.
Unloading 3364 Unused Serialized files (Serialized files now loaded: 0)
Unloading 20 unused Assets / (79.7 KB). Loaded Objects now: 3846.
Memory consumption went from 139.3 MB to 139.3 MB.
Total: 4.046600 ms (FindLiveObjects: 0.362900 ms CreateObjectMapping: 0.250200 ms MarkObjects: 3.331400 ms  DeleteObjects: 0.100800 ms)

AssetImportParameters requested are different than current active one (requested -> active):
  custom:video-decoder-ogg-theora: a1e56fd34408186e4bbccfd4996cb3dc -> 
  custom:container-muxer-webm: aa71ff27fc2769a1b78a27578f13a17b -> 
  custom:container-demuxer-webm: 4f35f7cbe854078d1ac9338744f61a02 -> 
  custom:video-encoder-webm-vp8: eb34c28f22e8b96e1ab97ce403110664 -> 
  custom:audio-encoder-webm-vorbis: bf7c407c2cedff20999df2af8eb42d56 -> 
  custom:framework-win-MediaFoundation: 216162199b28c13a410421893ffa2e32 -> 
  custom:container-demuxer-ogg: 62fdf1f143b41e24485cea50d1cbac27 -> 
  custom:video-decoder-webm-vp8: 9c59270c3fd7afecdb556c50c9e8de78 -> 
  custom:audio-decoder-ogg-vorbis: bf7c407c2cedff20999df2af8eb42d56 -> 
========================================================================
Received Import Request.
  Time since last request: 13066.825237 seconds.
  path: Assets/Materials/L2.shader
  artifactKey: Guid(7c60f33efe523434ea4fd3400932ca44) Importer(815301076,1909f56bfc062723c751e8b465ee728b)
Start importing Assets/Materials/L2.shader using Guid(7c60f33efe523434ea4fd3400932ca44) Importer(815301076,1909f56bfc062723c751e8b465ee728b)  -> (artifact id: '0f11935a8302cdcd17039470ad49589f') in 0.734808 seconds 
========================================================================
Received Import Request.
  Time since last request: 47.134119 seconds.
  path: Assets/Materials/Surface Shader Test/LowPolySoldiers_demo/models/Soldier_L1.shader
  artifactKey: Guid(fc3564a0dbdee5940b314eb47b676fb6) Importer(815301076,1909f56bfc062723c751e8b465ee728b)
Start importing Assets/Materials/Surface Shader Test/LowPolySoldiers_demo/models/Soldier_L1.shader using Guid(fc3564a0dbdee5940b314eb47b676fb6) Importer(815301076,1909f56bfc062723c751e8b465ee728b)  -> (artifact id: '605f7f7c4172c96c3529daaef575b5dd') in 0.004756 seconds 
========================================================================
Received Import Request.
  Time since last request: 17.798054 seconds.
  path: Assets/Materials/L2.shader
  artifactKey: Guid(7c60f33efe523434ea4fd3400932ca44) Importer(815301076,1909f56bfc062723c751e8b465ee728b)
Start importing Assets/Materials/L2.shader using Guid(7c60f33efe523434ea4fd3400932ca44) Importer(815301076,1909f56bfc062723c751e8b465ee728b)  -> (artifact id: '4c43ac4034e979e3b0cd594eda9c0db3') in 0.005017 seconds 
========================================================================
Received Import Request.
  Time since last request: 72.268844 seconds.
  path: Assets/Materials/L2.shader
  artifactKey: Guid(7c60f33efe523434ea4fd3400932ca44) Importer(815301076,1909f56bfc062723c751e8b465ee728b)
Start importing Assets/Materials/L2.shader using Guid(7c60f33efe523434ea4fd3400932ca44) Importer(815301076,1909f56bfc062723c751e8b465ee728b)  -> (artifact id: 'ca45c8f2045fccd0d0bdbf5512afef18') in 0.018860 seconds 
========================================================================
Received Import Request.
  Time since last request: 875.218089 seconds.
  path: Assets/Materials/Surface Shader Test/LowPolySoldiers_demo/models/Soldier_demo.FBX
  artifactKey: Guid(fcb334eb247ae3e488abb081c847cf09) Importer(815301076,1909f56bfc062723c751e8b465ee728b)
Start importing Assets/Materials/Surface Shader Test/LowPolySoldiers_demo/models/Soldier_demo.FBX using Guid(fcb334eb247ae3e488abb081c847cf09) Importer(815301076,1909f56bfc062723c751e8b465ee728b)  -> (artifact id: 'f8664f4fdbc3465e519af1e95440f5e1') in 0.978977 seconds 
========================================================================
Received Import Request.
  Time since last request: 888.957815 seconds.
  path: Assets/Materials/Surface Shader Test/LowPolySoldiers_demo/models/Soldier_L1.shader
  artifactKey: Guid(fc3564a0dbdee5940b314eb47b676fb6) Importer(815301076,1909f56bfc062723c751e8b465ee728b)
Start importing Assets/Materials/Surface Shader Test/LowPolySoldiers_demo/models/Soldier_L1.shader using Guid(fc3564a0dbdee5940b314eb47b676fb6) Importer(815301076,1909f56bfc062723c751e8b465ee728b)  -> (artifact id: 'ea8903e34f78b809624a5cf38ebc0963') in 0.004310 seconds 
========================================================================
Received Import Request.
  Time since last request: 84.928317 seconds.
  path: Assets/Materials/Surface Shader Test/LowPolySoldiers_demo/models/Soldier_demo.FBX
  artifactKey: Guid(fcb334eb247ae3e488abb081c847cf09) Importer(815301076,1909f56bfc062723c751e8b465ee728b)
Start importing Assets/Materials/Surface Shader Test/LowPolySoldiers_demo/models/Soldier_demo.FBX using Guid(fcb334eb247ae3e488abb081c847cf09) Importer(815301076,1909f56bfc062723c751e8b465ee728b)  -> (artifact id: 'b8075a5048d506da99b8c0f74d705468') in 0.030977 seconds 
========================================================================
Received Import Request.
  Time since last request: 7.103521 seconds.
  path: Assets/Materials/Surface Shader Test/LowPolySoldiers_demo/models/NewSurfaceShader.shader
  artifactKey: Guid(1e455eb6ea7561c4fa3c65f2198fd011) Importer(815301076,1909f56bfc062723c751e8b465ee728b)
Start importing Assets/Materials/Surface Shader Test/LowPolySoldiers_demo/models/NewSurfaceShader.shader using Guid(1e455eb6ea7561c4fa3c65f2198fd011) Importer(815301076,1909f56bfc062723c751e8b465ee728b)  -> (artifact id: 'a55212227a4ceab3ea725e91c003545e') in 0.007787 seconds 
========================================================================
Received Import Request.
  Time since last request: 7.588728 seconds.
  path: Assets/Materials/Surface Shader Test/LowPolySoldiers_demo/models/Soldier_L2.shader
  artifactKey: Guid(1e455eb6ea7561c4fa3c65f2198fd011) Importer(815301076,1909f56bfc062723c751e8b465ee728b)
Start importing Assets/Materials/Surface Shader Test/LowPolySoldiers_demo/models/Soldier_L2.shader using Guid(1e455eb6ea7561c4fa3c65f2198fd011) Importer(815301076,1909f56bfc062723c751e8b465ee728b)  -> (artifact id: '356c7737cfab8d2ea8c417e9a0feb561') in 0.005096 seconds 
========================================================================
Received Import Request.
  Time since last request: 7.294518 seconds.
  path: Assets/Materials/Surface Shader Test/LowPolySoldiers_demo/models/Soldier_L2.shader
  artifactKey: Guid(1e455eb6ea7561c4fa3c65f2198fd011) Importer(815301076,1909f56bfc062723c751e8b465ee728b)
Start importing Assets/Materials/Surface Shader Test/LowPolySoldiers_demo/models/Soldier_L2.shader using Guid(1e455eb6ea7561c4fa3c65f2198fd011) Importer(815301076,1909f56bfc062723c751e8b465ee728b)  -> (artifact id: '8be30e08717b2466976ee654cab8f3bd') in 0.005086 seconds 
========================================================================
Received Import Request.
  Time since last request: 585.588848 seconds.
  path: Assets/Materials/Surface Shader Test/LowPolySoldiers_demo/models/Soldier_L2.shader
  artifactKey: Guid(1e455eb6ea7561c4fa3c65f2198fd011) Importer(815301076,1909f56bfc062723c751e8b465ee728b)
Start importing Assets/Materials/Surface Shader Test/LowPolySoldiers_demo/models/Soldier_L2.shader using Guid(1e455eb6ea7561c4fa3c65f2198fd011) Importer(815301076,1909f56bfc062723c751e8b465ee728b)  -> (artifact id: '516866883dacb332c52d78bf6649bd9d') in 0.004699 seconds 
========================================================================
Received Import Request.
  Time since last request: 6.482669 seconds.
  path: Assets/Materials/L2.shader
  artifactKey: Guid(7c60f33efe523434ea4fd3400932ca44) Importer(815301076,1909f56bfc062723c751e8b465ee728b)
Start importing Assets/Materials/L2.shader using Guid(7c60f33efe523434ea4fd3400932ca44) Importer(815301076,1909f56bfc062723c751e8b465ee728b)  -> (artifact id: 'e2341b7d9f5f5ff3c4e317db9a90f763') in 0.002732 seconds 
========================================================================
Received Import Request.
  Time since last request: 1621.040887 seconds.
  path: Assets/Materials/L2.shader
  artifactKey: Guid(7c60f33efe523434ea4fd3400932ca44) Importer(815301076,1909f56bfc062723c751e8b465ee728b)
Start importing Assets/Materials/L2.shader using Guid(7c60f33efe523434ea4fd3400932ca44) Importer(815301076,1909f56bfc062723c751e8b465ee728b)  -> (artifact id: '82dcd5d8c70927ffe3d88455777f009a') in 0.003240 seconds 
========================================================================
Received Import Request.
  Time since last request: 1.348085 seconds.
  path: Assets/Materials/Alpha Blend Test.shader
  artifactKey: Guid(7c60f33efe523434ea4fd3400932ca44) Importer(815301076,1909f56bfc062723c751e8b465ee728b)
Start importing Assets/Materials/Alpha Blend Test.shader using Guid(7c60f33efe523434ea4fd3400932ca44) Importer(815301076,1909f56bfc062723c751e8b465ee728b)  -> (artifact id: '6adbc338c125d42f14efb3d8399ebd70') in 0.002883 seconds 
========================================================================
Received Import Request.
  Time since last request: 23.304721 seconds.
  path: Assets/Materials/Alpha Blend Test.shader
  artifactKey: Guid(7c60f33efe523434ea4fd3400932ca44) Importer(815301076,1909f56bfc062723c751e8b465ee728b)
Start importing Assets/Materials/Alpha Blend Test.shader using Guid(7c60f33efe523434ea4fd3400932ca44) Importer(815301076,1909f56bfc062723c751e8b465ee728b)  -> (artifact id: 'fa711344c6391149a69ac9d56ab74cd2') in 0.003053 seconds 
========================================================================
Received Import Request.
  Time since last request: 30.481918 seconds.
  path: Assets/Materials/Surface Shader Test/LowPolySoldiers_demo/models/Soldier_demo.FBX
  artifactKey: Guid(fcb334eb247ae3e488abb081c847cf09) Importer(815301076,1909f56bfc062723c751e8b465ee728b)
Start importing Assets/Materials/Surface Shader Test/LowPolySoldiers_demo/models/Soldier_demo.FBX using Guid(fcb334eb247ae3e488abb081c847cf09) Importer(815301076,1909f56bfc062723c751e8b465ee728b)  -> (artifact id: 'fa38d7550a5c38dd7e21ff84d1bf84d7') in 0.049899 seconds 
========================================================================
Received Import Request.
  Time since last request: 2.296967 seconds.
  path: Assets/Materials/New Folder
  artifactKey: Guid(a1225c8aa03fd714fa96d8b80070c19d) Importer(815301076,1909f56bfc062723c751e8b465ee728b)
Start importing Assets/Materials/New Folder using Guid(a1225c8aa03fd714fa96d8b80070c19d) Importer(815301076,1909f56bfc062723c751e8b465ee728b)  -> (artifact id: '5777546100d22f0246ca7d09fdf96933') in 0.003154 seconds 
========================================================================
Received Import Request.
  Time since last request: 7.522167 seconds.
  path: Assets/Materials/Alpha Blend Test
  artifactKey: Guid(a1225c8aa03fd714fa96d8b80070c19d) Importer(815301076,1909f56bfc062723c751e8b465ee728b)
Start importing Assets/Materials/Alpha Blend Test using Guid(a1225c8aa03fd714fa96d8b80070c19d) Importer(815301076,1909f56bfc062723c751e8b465ee728b)  -> (artifact id: '37d5f3ac1d24eb005c9ea95237faf482') in 0.002615 seconds 
========================================================================
Received Import Request.
  Time since last request: 11.495450 seconds.
  path: Assets/Materials/Alpha Blend Test/Alpha Blend Test.prefab
  artifactKey: Guid(f2beee0eedcb0b74b9d8d95c792db25e) Importer(815301076,1909f56bfc062723c751e8b465ee728b)
Start importing Assets/Materials/Alpha Blend Test/Alpha Blend Test.prefab using Guid(f2beee0eedcb0b74b9d8d95c792db25e) Importer(815301076,1909f56bfc062723c751e8b465ee728b)  -> (artifact id: '4c2e6d8a57d27686568ddf75674b08a4') in 0.052397 seconds 
========================================================================
Received Import Request.
  Time since last request: 30.856283 seconds.
  path: Assets/Materials/Cull Off Test
  artifactKey: Guid(48d20480a35dc2143b65f7e2f984a8b2) Importer(815301076,1909f56bfc062723c751e8b465ee728b)
Start importing Assets/Materials/Cull Off Test using Guid(48d20480a35dc2143b65f7e2f984a8b2) Importer(815301076,1909f56bfc062723c751e8b465ee728b)  -> (artifact id: '423ddf401474db6b5eda756c2d282a08') in 0.002469 seconds 
========================================================================
Received Import Request.
  Time since last request: 14.756062 seconds.
  path: Assets/Materials/Cull Off Test/Cull Off Test.prefab
  artifactKey: Guid(b5f7c131351c5b64aa5e2f6b3f1ae5b9) Importer(815301076,1909f56bfc062723c751e8b465ee728b)
Start importing Assets/Materials/Cull Off Test/Cull Off Test.prefab using Guid(b5f7c131351c5b64aa5e2f6b3f1ae5b9) Importer(815301076,1909f56bfc062723c751e8b465ee728b)  -> (artifact id: '17b745cf4ae665ae59546a1c8c302eb2') in 0.037969 seconds 
========================================================================
Received Import Request.
  Time since last request: 15.344241 seconds.
  path: Assets/Materials/Cull Off Test/NewUnlitShader.shader
  artifactKey: Guid(444a6a4250476b149b54c63080d6ab53) Importer(815301076,1909f56bfc062723c751e8b465ee728b)
Start importing Assets/Materials/Cull Off Test/NewUnlitShader.shader using Guid(444a6a4250476b149b54c63080d6ab53) Importer(815301076,1909f56bfc062723c751e8b465ee728b)  -> (artifact id: '5443285c4a37e5f8caf5ae4266ea2ef7') in 0.004450 seconds 
========================================================================
Received Import Request.
  Time since last request: 2.875234 seconds.
  path: Assets/Materials/Cull Off Test/Cull Off Test.shader
  artifactKey: Guid(444a6a4250476b149b54c63080d6ab53) Importer(815301076,1909f56bfc062723c751e8b465ee728b)
Start importing Assets/Materials/Cull Off Test/Cull Off Test.shader using Guid(444a6a4250476b149b54c63080d6ab53) Importer(815301076,1909f56bfc062723c751e8b465ee728b)  -> (artifact id: 'df9a75c4b7ae8e852e3766eadf00c27f') in 0.004545 seconds 
========================================================================
Received Import Request.
  Time since last request: 5.615544 seconds.
  path: Assets/Materials/Cull Off Test/Cull Off Test.shader
  artifactKey: Guid(444a6a4250476b149b54c63080d6ab53) Importer(815301076,1909f56bfc062723c751e8b465ee728b)
Start importing Assets/Materials/Cull Off Test/Cull Off Test.shader using Guid(444a6a4250476b149b54c63080d6ab53) Importer(815301076,1909f56bfc062723c751e8b465ee728b)  -> (artifact id: 'af419ad4c9dfbcb934fc51697f0a6b17') in 0.042497 seconds 
========================================================================
Received Import Request.
  Time since last request: 48.962829 seconds.
  path: Assets/Materials/Cull Off Test/Cull Off Test.shader
  artifactKey: Guid(444a6a4250476b149b54c63080d6ab53) Importer(815301076,1909f56bfc062723c751e8b465ee728b)
Start importing Assets/Materials/Cull Off Test/Cull Off Test.shader using Guid(444a6a4250476b149b54c63080d6ab53) Importer(815301076,1909f56bfc062723c751e8b465ee728b) Shader Custom/Cull Off Test uses undefined Queue: 'Culloff'
Shader Custom/Cull Off Test uses undefined Queue: 'Culloff'
 -> (artifact id: '04be1034552d0a9e94b86e2d27ba739c') in 0.005114 seconds 
========================================================================
Received Import Request.
  Time since last request: 33.163686 seconds.
  path: Assets/Materials/Cull Off Test/Cull Off Test.shader
  artifactKey: Guid(444a6a4250476b149b54c63080d6ab53) Importer(815301076,1909f56bfc062723c751e8b465ee728b)
Start importing Assets/Materials/Cull Off Test/Cull Off Test.shader using Guid(444a6a4250476b149b54c63080d6ab53) Importer(815301076,1909f56bfc062723c751e8b465ee728b)  -> (artifact id: 'bb2a52ba843c6627d4b572afbfda08b1') in 0.003693 seconds 
========================================================================
Received Import Request.
  Time since last request: 22.203459 seconds.
  path: Assets/Materials/Cull Off Test/Cull Off Test.shader
  artifactKey: Guid(444a6a4250476b149b54c63080d6ab53) Importer(815301076,1909f56bfc062723c751e8b465ee728b)
Start importing Assets/Materials/Cull Off Test/Cull Off Test.shader using Guid(444a6a4250476b149b54c63080d6ab53) Importer(815301076,1909f56bfc062723c751e8b465ee728b)  -> (artifact id: '05d4ff5267c4fb34345b5b1ec7e66345') in 0.003869 seconds 
========================================================================
Received Import Request.
  Time since last request: 205.935624 seconds.
  path: Assets/Materials/Cull Off Test/Cull Off Test.shader
  artifactKey: Guid(444a6a4250476b149b54c63080d6ab53) Importer(815301076,1909f56bfc062723c751e8b465ee728b)
Start importing Assets/Materials/Cull Off Test/Cull Off Test.shader using Guid(444a6a4250476b149b54c63080d6ab53) Importer(815301076,1909f56bfc062723c751e8b465ee728b)  -> (artifact id: 'eeea7778deccc14c84f7cd719029988e') in 0.003739 seconds 
========================================================================
Received Import Request.
  Time since last request: 0.411146 seconds.
  path: Assets/Materials/Cull Off Test/Cull Off Test.prefab
  artifactKey: Guid(b5f7c131351c5b64aa5e2f6b3f1ae5b9) Importer(815301076,1909f56bfc062723c751e8b465ee728b)
Start importing Assets/Materials/Cull Off Test/Cull Off Test.prefab using Guid(b5f7c131351c5b64aa5e2f6b3f1ae5b9) Importer(815301076,1909f56bfc062723c751e8b465ee728b)  -> (artifact id: '7e63b4ca2b2910fa9029724778f446aa') in 0.036410 seconds 
========================================================================
Received Import Request.
  Time since last request: 134.794489 seconds.
  path: Assets/Materials/180px-卡芙卡•夜宴.png
  artifactKey: Guid(3ad1015f5daee1b489f24cb56978bb77) Importer(815301076,1909f56bfc062723c751e8b465ee728b)
Start importing Assets/Materials/180px-卡芙卡•夜宴.png using Guid(3ad1015f5daee1b489f24cb56978bb77) Importer(815301076,1909f56bfc062723c751e8b465ee728b)  -> (artifact id: 'ec84002969ab93195748f2b7f9eab761') in 0.109387 seconds 
========================================================================
Received Import Request.
  Time since last request: 2.014801 seconds.
  path: Assets/Materials/Alpha Blend Test/Alpha Blend Test.prefab
  artifactKey: Guid(f2beee0eedcb0b74b9d8d95c792db25e) Importer(815301076,1909f56bfc062723c751e8b465ee728b)
Start importing Assets/Materials/Alpha Blend Test/Alpha Blend Test.prefab using Guid(f2beee0eedcb0b74b9d8d95c792db25e) Importer(815301076,1909f56bfc062723c751e8b465ee728b)  -> (artifact id: 'de8a3b4d4c9103040a7ac0de32b99831') in 0.015131 seconds 
========================================================================
Received Import Request.
  Time since last request: 1780.882417 seconds.
  path: Assets/HamsterCage/Textures/Ground.png
  artifactKey: Guid(f6abc8ed46a4a4140a971c29dd01ef7f) Importer(815301076,1909f56bfc062723c751e8b465ee728b)
Start importing Assets/HamsterCage/Textures/Ground.png using Guid(f6abc8ed46a4a4140a971c29dd01ef7f) Importer(815301076,1909f56bfc062723c751e8b465ee728b)  -> (artifact id: '4c5a7ccbeb859c9e098155829ae4c5cc') in 0.012723 seconds 
========================================================================
Received Import Request.
  Time since last request: 0.953192 seconds.
  path: Assets/HamsterCage/Textures/Ground_ao.png
  artifactKey: Guid(7d7d365e8a8308d408a76e0a5d46eaac) Importer(815301076,1909f56bfc062723c751e8b465ee728b)
Start importing Assets/HamsterCage/Textures/Ground_ao.png using Guid(7d7d365e8a8308d408a76e0a5d46eaac) Importer(815301076,1909f56bfc062723c751e8b465ee728b)  -> (artifact id: 'ccb160847f9276bfeac9b4d233628a7d') in 0.010498 seconds 
========================================================================
Received Import Request.
  Time since last request: 0.250501 seconds.
  path: Assets/HamsterCage/Textures/Ground_normal.png
  artifactKey: Guid(dcd79501c1d1b624eb9513f1b00b3fd7) Importer(815301076,1909f56bfc062723c751e8b465ee728b)
Start importing Assets/HamsterCage/Textures/Ground_normal.png using Guid(dcd79501c1d1b624eb9513f1b00b3fd7) Importer(815301076,1909f56bfc062723c751e8b465ee728b)  -> (artifact id: 'fd3013e2f51e163fc88cd7f21e2a5cad') in 0.039367 seconds 
========================================================================
Received Import Request.
  Time since last request: 0.180432 seconds.
  path: Assets/HamsterCage/Textures/hamsterCage.png
  artifactKey: Guid(c53eb36f92f044e4d95f39f69dc9a979) Importer(815301076,1909f56bfc062723c751e8b465ee728b)
Start importing Assets/HamsterCage/Textures/hamsterCage.png using Guid(c53eb36f92f044e4d95f39f69dc9a979) Importer(815301076,1909f56bfc062723c751e8b465ee728b)  -> (artifact id: '3cbf963b76e31ead9b4b17f33faffc44') in 0.016757 seconds 
========================================================================
Received Import Request.
  Time since last request: 0.404123 seconds.
  path: Assets/HamsterCage/Textures/hamsterCage_metal.png
  artifactKey: Guid(e45c65deedde97e40b41bdfc0d423986) Importer(815301076,1909f56bfc062723c751e8b465ee728b)
Start importing Assets/HamsterCage/Textures/hamsterCage_metal.png using Guid(e45c65deedde97e40b41bdfc0d423986) Importer(815301076,1909f56bfc062723c751e8b465ee728b)  -> (artifact id: '087abc3be1e0e6a1250aaf9f36d0575f') in 0.011670 seconds 
========================================================================
Received Import Request.
  Time since last request: 0.257107 seconds.
  path: Assets/HamsterCage/Textures/hamsterCage_normal.png
  artifactKey: Guid(faca270404660bb47b7c575a235c9378) Importer(815301076,1909f56bfc062723c751e8b465ee728b)
Start importing Assets/HamsterCage/Textures/hamsterCage_normal.png using Guid(faca270404660bb47b7c575a235c9378) Importer(815301076,1909f56bfc062723c751e8b465ee728b)  -> (artifact id: '3c44166f49eba02946748d8a5d9fb007') in 0.014230 seconds 
========================================================================
Received Import Request.
  Time since last request: 3.440745 seconds.
  path: Assets/HamsterCage/3dobjects
  artifactKey: Guid(1e794a3769727754f9edfec013963251) Importer(815301076,1909f56bfc062723c751e8b465ee728b)
Start importing Assets/HamsterCage/3dobjects using Guid(1e794a3769727754f9edfec013963251) Importer(815301076,1909f56bfc062723c751e8b465ee728b)  -> (artifact id: 'd374e4cb8da6af9a2465a0446389ba0e') in 0.002653 seconds 
========================================================================
Received Import Request.
  Time since last request: 4.291152 seconds.
  path: Assets/HamsterCage/3dobjects/hamsterCage.fbx
  artifactKey: Guid(c05c39de836266d4d89522c4d2f87b93) Importer(815301076,1909f56bfc062723c751e8b465ee728b)
Start importing Assets/HamsterCage/3dobjects/hamsterCage.fbx using Guid(c05c39de836266d4d89522c4d2f87b93) Importer(815301076,1909f56bfc062723c751e8b465ee728b)  -> (artifact id: '522aa3b076ca72ac9ee0d826c2f4aaa8') in 0.724003 seconds 
========================================================================
Received Import Request.
  Time since last request: 43.302340 seconds.
  path: Assets/HamsterCage
  artifactKey: Guid(fc2da99848bbb3740890161c42a3458b) Importer(815301076,1909f56bfc062723c751e8b465ee728b)
Start importing Assets/HamsterCage using Guid(fc2da99848bbb3740890161c42a3458b) Importer(815301076,1909f56bfc062723c751e8b465ee728b)  -> (artifact id: '5e87b8d20ee27df67a8f754bbd53b02e') in 0.003417 seconds 
========================================================================
Received Import Request.
  Time since last request: 352.606319 seconds.
  path: Assets/Materials/Cull Off Test/Cull Off Test.prefab
  artifactKey: Guid(b5f7c131351c5b64aa5e2f6b3f1ae5b9) Importer(815301076,1909f56bfc062723c751e8b465ee728b)
Start importing Assets/Materials/Cull Off Test/Cull Off Test.prefab using Guid(b5f7c131351c5b64aa5e2f6b3f1ae5b9) Importer(815301076,1909f56bfc062723c751e8b465ee728b)  -> (artifact id: '1cc7e817624ce443778bc3249f425ea5') in 0.044881 seconds 
========================================================================
Received Import Request.
  Time since last request: 166.516979 seconds.
  path: Assets/Materials/Cull Off Test/Cull Off Test.shader
  artifactKey: Guid(444a6a4250476b149b54c63080d6ab53) Importer(815301076,1909f56bfc062723c751e8b465ee728b)
Start importing Assets/Materials/Cull Off Test/Cull Off Test.shader using Guid(444a6a4250476b149b54c63080d6ab53) Importer(815301076,1909f56bfc062723c751e8b465ee728b)  -> (artifact id: 'f4b8b5855e2b386889c7bdd3eeb91db7') in 0.004096 seconds 
========================================================================
Received Import Request.
  Time since last request: 4.096930 seconds.
  path: Assets/Materials/Cull Off Test/Cut Off Test.shader
  artifactKey: Guid(444a6a4250476b149b54c63080d6ab53) Importer(815301076,1909f56bfc062723c751e8b465ee728b)
Start importing Assets/Materials/Cull Off Test/Cut Off Test.shader using Guid(444a6a4250476b149b54c63080d6ab53) Importer(815301076,1909f56bfc062723c751e8b465ee728b)  -> (artifact id: '7aa40c0e07c4c643b020c5d2a72a4540') in 0.003382 seconds 
========================================================================
Received Import Request.
  Time since last request: 0.054625 seconds.
  path: Assets/Materials/Cull Off Test/Cull Off Test.prefab
  artifactKey: Guid(b5f7c131351c5b64aa5e2f6b3f1ae5b9) Importer(815301076,1909f56bfc062723c751e8b465ee728b)
Start importing Assets/Materials/Cull Off Test/Cull Off Test.prefab using Guid(b5f7c131351c5b64aa5e2f6b3f1ae5b9) Importer(815301076,1909f56bfc062723c751e8b465ee728b)  -> (artifact id: 'c40370ffa544a5a6a4adbf58a357dec0') in 0.032843 seconds 
========================================================================
Received Import Request.
  Time since last request: 4.221236 seconds.
  path: Assets/Materials/Cull Off Test/Cut Off Test.prefab
  artifactKey: Guid(b5f7c131351c5b64aa5e2f6b3f1ae5b9) Importer(815301076,1909f56bfc062723c751e8b465ee728b)
Start importing Assets/Materials/Cull Off Test/Cut Off Test.prefab using Guid(b5f7c131351c5b64aa5e2f6b3f1ae5b9) Importer(815301076,1909f56bfc062723c751e8b465ee728b)  -> (artifact id: 'd56a2ec5f8f7f81eb450f613bed31554') in 0.014792 seconds 
========================================================================
Received Import Request.
  Time since last request: 9.780186 seconds.
  path: Assets/Materials/Cut Off Test
  artifactKey: Guid(48d20480a35dc2143b65f7e2f984a8b2) Importer(815301076,1909f56bfc062723c751e8b465ee728b)
Start importing Assets/Materials/Cut Off Test using Guid(48d20480a35dc2143b65f7e2f984a8b2) Importer(815301076,1909f56bfc062723c751e8b465ee728b)  -> (artifact id: '61bab6b2873a29da6cdf2a74932ecd4a') in 0.002485 seconds 
========================================================================
Received Import Request.
  Time since last request: 613.904684 seconds.
  path: Assets/Materials/Cut Off Test/Cut Off Test.shader
  artifactKey: Guid(444a6a4250476b149b54c63080d6ab53) Importer(815301076,1909f56bfc062723c751e8b465ee728b)
Start importing Assets/Materials/Cut Off Test/Cut Off Test.shader using Guid(444a6a4250476b149b54c63080d6ab53) Importer(815301076,1909f56bfc062723c751e8b465ee728b)  -> (artifact id: 'd4f406040fec40bdda221618436cadcf') in 0.004238 seconds 
